<?xml version="1.0" encoding="UTF-8"?>
<testsuite name="hackathon.evaluation.EvaluationApplicationTests" tests="1" skipped="0" failures="0" errors="0" timestamp="2023-03-16T07:30:00" hostname="hangeonhoui-MacBookAir.local" time="0.257">
  <properties/>
  <testcase name="contextLoads()" classname="hackathon.evaluation.EvaluationApplicationTests" time="0.257"/>
  <system-out><![CDATA[16:29:51.402 [Test worker] DEBUG org.springframework.test.context.BootstrapUtils - Instantiating CacheAwareContextLoaderDelegate from class [org.springframework.test.context.cache.DefaultCacheAwareContextLoaderDelegate]
16:29:51.431 [Test worker] DEBUG org.springframework.test.context.BootstrapUtils - Instantiating BootstrapContext using constructor [public org.springframework.test.context.support.DefaultBootstrapContext(java.lang.Class,org.springframework.test.context.CacheAwareContextLoaderDelegate)]
16:29:51.504 [Test worker] DEBUG org.springframework.test.context.BootstrapUtils - Instantiating TestContextBootstrapper for test class [hackathon.evaluation.EvaluationApplicationTests] from class [org.springframework.boot.test.context.SpringBootTestContextBootstrapper]
16:29:51.583 [Test worker] INFO org.springframework.boot.test.context.SpringBootTestContextBootstrapper - Neither @ContextConfiguration nor @ContextHierarchy found for test class [hackathon.evaluation.EvaluationApplicationTests], using SpringBootContextLoader
16:29:51.591 [Test worker] DEBUG org.springframework.test.context.support.AbstractContextLoader - Did not detect default resource location for test class [hackathon.evaluation.EvaluationApplicationTests]: class path resource [hackathon/evaluation/EvaluationApplicationTests-context.xml] does not exist
16:29:51.592 [Test worker] DEBUG org.springframework.test.context.support.AbstractContextLoader - Did not detect default resource location for test class [hackathon.evaluation.EvaluationApplicationTests]: class path resource [hackathon/evaluation/EvaluationApplicationTestsContext.groovy] does not exist
16:29:51.592 [Test worker] INFO org.springframework.test.context.support.AbstractContextLoader - Could not detect default resource locations for test class [hackathon.evaluation.EvaluationApplicationTests]: no resource found for suffixes {-context.xml, Context.groovy}.
16:29:51.593 [Test worker] INFO org.springframework.test.context.support.AnnotationConfigContextLoaderUtils - Could not detect default configuration classes for test class [hackathon.evaluation.EvaluationApplicationTests]: EvaluationApplicationTests does not declare any static, non-private, non-final, nested classes annotated with @Configuration.
16:29:51.685 [Test worker] DEBUG org.springframework.test.context.support.ActiveProfilesUtils - Could not find an 'annotation declaring class' for annotation type [org.springframework.test.context.ActiveProfiles] and class [hackathon.evaluation.EvaluationApplicationTests]
16:29:51.790 [Test worker] DEBUG org.springframework.context.annotation.ClassPathScanningCandidateComponentProvider - Identified candidate component class: file [/Users/borish3198/Desktop/hackathon/BackAPI/build/classes/java/main/hackathon/evaluation/EvaluationApplication.class]
16:29:51.795 [Test worker] INFO org.springframework.boot.test.context.SpringBootTestContextBootstrapper - Found @SpringBootConfiguration hackathon.evaluation.EvaluationApplication for test class hackathon.evaluation.EvaluationApplicationTests
16:29:51.952 [Test worker] DEBUG org.springframework.boot.test.context.SpringBootTestContextBootstrapper - @TestExecutionListeners is not present for class [hackathon.evaluation.EvaluationApplicationTests]: using defaults.
16:29:51.953 [Test worker] INFO org.springframework.boot.test.context.SpringBootTestContextBootstrapper - Loaded default TestExecutionListener class names from location [META-INF/spring.factories]: [org.springframework.test.context.web.ServletTestExecutionListener, org.springframework.test.context.support.DirtiesContextBeforeModesTestExecutionListener, org.springframework.test.context.event.ApplicationEventsTestExecutionListener, org.springframework.test.context.support.DependencyInjectionTestExecutionListener, org.springframework.test.context.support.DirtiesContextTestExecutionListener, org.springframework.test.context.transaction.TransactionalTestExecutionListener, org.springframework.test.context.jdbc.SqlScriptsTestExecutionListener, org.springframework.test.context.event.EventPublishingTestExecutionListener, org.springframework.boot.test.autoconfigure.restdocs.RestDocsTestExecutionListener, org.springframework.boot.test.autoconfigure.web.client.MockRestServiceServerResetTestExecutionListener, org.springframework.boot.test.autoconfigure.web.servlet.MockMvcPrintOnlyOnFailureTestExecutionListener, org.springframework.boot.test.autoconfigure.web.servlet.WebDriverTestExecutionListener, org.springframework.boot.test.autoconfigure.webservices.client.MockWebServiceServerTestExecutionListener, org.springframework.boot.test.mock.mockito.MockitoTestExecutionListener, org.springframework.boot.test.mock.mockito.ResetMocksTestExecutionListener]
16:29:52.033 [Test worker] INFO org.springframework.boot.test.context.SpringBootTestContextBootstrapper - Using TestExecutionListeners: [org.springframework.test.context.web.ServletTestExecutionListener@65f87a2c, org.springframework.test.context.support.DirtiesContextBeforeModesTestExecutionListener@51684e4a, org.springframework.test.context.event.ApplicationEventsTestExecutionListener@6ce1f601, org.springframework.boot.test.mock.mockito.MockitoTestExecutionListener@38875e7d, org.springframework.boot.test.autoconfigure.SpringBootDependencyInjectionTestExecutionListener@1e886a5b, org.springframework.test.context.support.DirtiesContextTestExecutionListener@d816dde, org.springframework.test.context.transaction.TransactionalTestExecutionListener@6e33c391, org.springframework.test.context.jdbc.SqlScriptsTestExecutionListener@6c451c9c, org.springframework.test.context.event.EventPublishingTestExecutionListener@31c269fd, org.springframework.boot.test.autoconfigure.restdocs.RestDocsTestExecutionListener@372b0d86, org.springframework.boot.test.autoconfigure.web.client.MockRestServiceServerResetTestExecutionListener@47747fb9, org.springframework.boot.test.autoconfigure.web.servlet.MockMvcPrintOnlyOnFailureTestExecutionListener@3113a37, org.springframework.boot.test.autoconfigure.web.servlet.WebDriverTestExecutionListener@213e3629, org.springframework.boot.test.autoconfigure.webservices.client.MockWebServiceServerTestExecutionListener@4e9658b5, org.springframework.boot.test.mock.mockito.ResetMocksTestExecutionListener@2a7b6f69]
16:29:52.044 [Test worker] DEBUG org.springframework.test.context.support.AbstractDirtiesContextTestExecutionListener - Before test class: context [DefaultTestContext@52c8295b testClass = EvaluationApplicationTests, testInstance = [null], testMethod = [null], testException = [null], mergedContextConfiguration = [WebMergedContextConfiguration@251f7d26 testClass = EvaluationApplicationTests, locations = '{}', classes = '{class hackathon.evaluation.EvaluationApplication}', contextInitializerClasses = '[]', activeProfiles = '{}', propertySourceLocations = '{}', propertySourceProperties = '{org.springframework.boot.test.context.SpringBootTestContextBootstrapper=true}', contextCustomizers = set[org.springframework.boot.test.autoconfigure.actuate.metrics.MetricsExportContextCustomizerFactory$DisableMetricExportContextCustomizer@77a98a6a, org.springframework.boot.test.autoconfigure.properties.PropertyMappingContextCustomizer@0, org.springframework.boot.test.autoconfigure.web.servlet.WebDriverContextCustomizerFactory$Customizer@62e6b5c8, org.springframework.boot.test.context.filter.ExcludeFilterContextCustomizer@6aecbb8d, org.springframework.boot.test.json.DuplicateJsonObjectContextCustomizerFactory$DuplicateJsonObjectContextCustomizer@72758afa, org.springframework.boot.test.mock.mockito.MockitoContextCustomizer@0, org.springframework.boot.test.web.client.TestRestTemplateContextCustomizer@73163d48, org.springframework.boot.test.context.SpringBootTestArgs@1, org.springframework.boot.test.context.SpringBootTestWebEnvironment@a8ef162], resourceBasePath = 'src/main/webapp', contextLoader = 'org.springframework.boot.test.context.SpringBootContextLoader', parent = [null]], attributes = map['org.springframework.test.context.web.ServletTestExecutionListener.activateListener' -> true]], class annotated with @DirtiesContext [false] with mode [null].

  .   ____          _            __ _ _
 /\\ / ___'_ __ _ _(_)_ __  __ _ \ \ \ \
( ( )\___ | '_ | '_| | '_ \/ _` | \ \ \ \
 \\/  ___)| |_)| | | | | || (_| |  ) ) ) )
  '  |____| .__|_| |_|_| |_\__, | / / / /
 =========|_|==============|___/=/_/_/_/
 :: Spring Boot ::                (v2.7.9)

2023-03-16 16:29:52.847  INFO 12063 --- [    Test worker] h.evaluation.EvaluationApplicationTests  : Starting EvaluationApplicationTests using Java 11.0.16.1 on hangeonhoui-MacBookAir.local with PID 12063 (started by borish3198 in /Users/borish3198/Desktop/hackathon/BackAPI)
2023-03-16 16:29:52.852  INFO 12063 --- [    Test worker] h.evaluation.EvaluationApplicationTests  : No active profile set, falling back to 1 default profile: "default"
2023-03-16 16:29:54.510  INFO 12063 --- [    Test worker] .s.d.r.c.RepositoryConfigurationDelegate : Bootstrapping Spring Data JPA repositories in DEFAULT mode.
2023-03-16 16:29:54.612  INFO 12063 --- [    Test worker] .s.d.r.c.RepositoryConfigurationDelegate : Finished Spring Data repository scanning in 91 ms. Found 2 JPA repository interfaces.
2023-03-16 16:29:56.091  INFO 12063 --- [    Test worker] o.hibernate.jpa.internal.util.LogHelper  : HHH000204: Processing PersistenceUnitInfo [name: default]
2023-03-16 16:29:56.178  INFO 12063 --- [    Test worker] org.hibernate.Version                    : HHH000412: Hibernate ORM core version 5.6.15.Final
2023-03-16 16:29:56.448  INFO 12063 --- [    Test worker] o.hibernate.annotations.common.Version   : HCANN000001: Hibernate Commons Annotations {5.1.2.Final}
2023-03-16 16:29:56.649  INFO 12063 --- [    Test worker] com.zaxxer.hikari.HikariDataSource       : HikariPool-1 - Starting...
2023-03-16 16:29:56.757  INFO 12063 --- [    Test worker] com.zaxxer.hikari.HikariDataSource       : HikariPool-1 - Start completed.
2023-03-16 16:29:56.796  INFO 12063 --- [    Test worker] org.hibernate.dialect.Dialect            : HHH000400: Using dialect: org.hibernate.dialect.MariaDB106Dialect
2023-03-16 16:29:57.632  INFO 12063 --- [    Test worker] o.h.e.t.j.p.i.JtaPlatformInitiator       : HHH000490: Using JtaPlatform implementation: [org.hibernate.engine.transaction.jta.platform.internal.NoJtaPlatform]
2023-03-16 16:29:57.646  INFO 12063 --- [    Test worker] j.LocalContainerEntityManagerFactoryBean : Initialized JPA EntityManagerFactory for persistence unit 'default'
2023-03-16 16:29:59.098  WARN 12063 --- [    Test worker] JpaBaseConfiguration$JpaWebConfiguration : spring.jpa.open-in-view is enabled by default. Therefore, database queries may be performed during view rendering. Explicitly configure spring.jpa.open-in-view to disable this warning
2023-03-16 16:30:00.293  INFO 12063 --- [    Test worker] h.evaluation.EvaluationApplicationTests  : Started EvaluationApplicationTests in 8.157 seconds (JVM running for 10.689)
]]></system-out>
  <system-err><![CDATA[]]></system-err>
</testsuite>
